Building DAG of jobs...
Using shell: /bin/bash
Provided cores: 1
Rules claiming more threads will be scaled down.
Job counts:
	count	jobs
	1	all
	1	pdftext
	1	tsaZH
	3

[Fri Oct 12 23:23:43 2018]
rule tsaZH:
    input: output/data_ZH.csv, input/TSA_ZH.py
    output: output/finaldata_ZH.csv
    jobid: 2

[Fri Oct 12 23:24:59 2018]
Finished job 2.
1 of 3 steps (33%) done

[Fri Oct 12 23:24:59 2018]
rule pdftext:
    input: output/finaldata_ZH.csv, output/finaldata_BE.csv, input/finalText.tex, input/finalText.py
    output: output/finalText.pdf
    jobid: 3

[Fri Oct 12 23:25:02 2018]
Finished job 3.
2 of 3 steps (67%) done

[Fri Oct 12 23:25:02 2018]
localrule all:
    input: output/bundleData.csv, output/data_allcantons.csv, output/finaldata_ZH.csv, output/finaldata_BE.csv, output/finalText.pdf
    jobid: 0

[Fri Oct 12 23:25:02 2018]
Finished job 0.
3 of 3 steps (100%) done
Complete log: /Users/jasminmaag/pp4rs/playground/Final_Project/.snakemake/log/2018-10-12T232343.577603.snakemake.log
