Building DAG of jobs...
Using shell: /bin/bash
Provided cores: 1
Rules claiming more threads will be scaled down.
Job counts:
	count	jobs
	1	all
	1	clean
	2

[Thu Oct 11 21:19:10 2018]
rule clean:
    input: output/bundleData.csv, input/cleanData.py
    output: output/data_allcantons.csv
    jobid: 2

[Thu Oct 11 21:19:11 2018]
Finished job 2.
1 of 2 steps (50%) done

[Thu Oct 11 21:19:11 2018]
localrule all:
    input: output/bundleData.csv, output/data_allcantons.csv
    jobid: 0

[Thu Oct 11 21:19:11 2018]
Finished job 0.
2 of 2 steps (100%) done
Complete log: /Users/jasminmaag/pp4rs/playground/Final_Project/.snakemake/log/2018-10-11T211910.067745.snakemake.log
