Building DAG of jobs...
Using shell: /bin/bash
Provided cores: 1
Rules claiming more threads will be scaled down.
Job counts:
	count	jobs
	1	doc2
	1

[Thu Oct 11 22:32:57 2018]
rule doc2:
    input: input/document.tex, input/document2.py
    output: output/projectDocument.pdf
    jobid: 0

Waiting at most 5 seconds for missing files.
MissingOutputException in line 84 of /Users/jasminmaag/pp4rs/playground/Final_Project/Snakefile:
Missing files after 5 seconds:
output/projectDocument.pdf
This might be due to filesystem latency. If that is the case, consider to increase the wait time with --latency-wait.
Shutting down, this might take some time.
Exiting because a job execution failed. Look above for error message
Complete log: /Users/jasminmaag/pp4rs/playground/Final_Project/.snakemake/log/2018-10-11T223257.941188.snakemake.log
