Building DAG of jobs...
Using shell: /bin/bash
Provided cores: 1
Rules claiming more threads will be scaled down.
Job counts:
	count	jobs
	1	all
	1	clean
	1	pdftext
	1	tsaBE
	1	tsaZH
	5

[Sat Oct 13 15:21:11 2018]
rule clean:
    input: output/bundleData.csv, input/cleanData.py
    output: output/data_allcantons.csv, output/data_ZH.csv, output/data_BE.csv
    jobid: 3

[Sat Oct 13 15:21:15 2018]
Finished job 3.
1 of 5 steps (20%) done

[Sat Oct 13 15:21:15 2018]
rule tsaZH:
    input: output/data_ZH.csv, input/TSA_ZH.py
    output: output/finaldata_ZH.csv, output/ZH/plot/figACF_WN.pdf, output/ZH/plot/figACF.pdf, output/ZH/plot/figError.pdf, output/ZH/plot/figModel.pdf, output/ZH/plot/figOrig.pdf, output/ZH/plot/figPACF_WN.pdf, output/ZH/plot/figPACF.pdf, output/ZH/plot/figSeason.pdf, output/ZH/plot/figTrend.pdf, output/ZH/table/aicc_df.tex, output/ZH/table/error_table.tex, output/ZH/table/trend_table.tex, output/ZH/table/vectorcorr_df.tex
    jobid: 2

[Sat Oct 13 15:22:29 2018]
Finished job 2.
2 of 5 steps (40%) done

[Sat Oct 13 15:22:29 2018]
rule tsaBE:
    input: output/data_BE.csv, input/TSA_BE.py
    output: output/finaldata_BE.csv, output/BE/plot/figACF_WN.pdf, output/BE/plot/figACF.pdf, output/BE/plot/figError.pdf, output/BE/plot/figModel.pdf, output/BE/plot/figOrig.pdf, output/BE/plot/figPACF_WN.pdf, output/BE/plot/figPACF.pdf, output/BE/plot/figSeason.pdf, output/BE/plot/figTrend.pdf, output/BE/table/aicc_df.tex, output/BE/table/error_table.tex, output/BE/table/trend_table.tex, output/BE/table/vectorcorr_df.tex
    jobid: 1

[Sat Oct 13 15:23:48 2018]
Finished job 1.
3 of 5 steps (60%) done

[Sat Oct 13 15:23:48 2018]
rule pdftext:
    input: output/finaldata_ZH.csv, output/finaldata_BE.csv, input/finalText.tex, input/finalText.py, output/ZH/plot/figACF_WN.pdf, output/ZH/plot/figACF.pdf, output/ZH/plot/figError.pdf, output/ZH/plot/figModel.pdf, output/ZH/plot/figOrig.pdf, output/ZH/plot/figPACF_WN.pdf, output/ZH/plot/figPACF.pdf, output/ZH/plot/figSeason.pdf, output/ZH/plot/figTrend.pdf, output/ZH/table/aicc_df.tex, output/ZH/table/error_table.tex, output/ZH/table/trend_table.tex, output/ZH/table/vectorcorr_df.tex, output/BE/plot/figACF_WN.pdf, output/BE/plot/figACF.pdf, output/BE/plot/figError.pdf, output/BE/plot/figModel.pdf, output/BE/plot/figOrig.pdf, output/BE/plot/figPACF_WN.pdf, output/BE/plot/figPACF.pdf, output/BE/plot/figSeason.pdf, output/BE/plot/figTrend.pdf, output/BE/table/aicc_df.tex, output/BE/table/error_table.tex, output/BE/table/trend_table.tex, output/BE/table/vectorcorr_df.tex
    output: output/finalText.pdf
    jobid: 4

[Sat Oct 13 15:23:50 2018]
Finished job 4.
4 of 5 steps (80%) done

[Sat Oct 13 15:23:50 2018]
localrule all:
    input: output/bundleData.csv, output/data_allcantons.csv, output/data_ZH.csv, output/data_BE.csv, output/finaldata_ZH.csv, output/finaldata_BE.csv, output/finalText.pdf, output/ZH/plot/figACF_WN.pdf, output/ZH/plot/figACF.pdf, output/ZH/plot/figError.pdf, output/ZH/plot/figModel.pdf, output/ZH/plot/figOrig.pdf, output/ZH/plot/figPACF_WN.pdf, output/ZH/plot/figPACF.pdf, output/ZH/plot/figSeason.pdf, output/ZH/plot/figTrend.pdf, output/ZH/table/aicc_df.tex, output/ZH/table/error_table.tex, output/ZH/table/trend_table.tex, output/ZH/table/vectorcorr_df.tex, output/BE/plot/figACF_WN.pdf, output/BE/plot/figACF.pdf, output/BE/plot/figError.pdf, output/BE/plot/figModel.pdf, output/BE/plot/figOrig.pdf, output/BE/plot/figPACF_WN.pdf, output/BE/plot/figPACF.pdf, output/BE/plot/figSeason.pdf, output/BE/plot/figTrend.pdf, output/BE/table/aicc_df.tex, output/BE/table/error_table.tex, output/BE/table/trend_table.tex, output/BE/table/vectorcorr_df.tex
    jobid: 0

[Sat Oct 13 15:23:50 2018]
Finished job 0.
5 of 5 steps (100%) done
Complete log: /Users/jasminmaag/pp4rs/playground/Final_Project/.snakemake/log/2018-10-13T152111.258820.snakemake.log
